+ exec gosu vibecode scripts/studio
Starting in development mode...
Installing dependencies...
[0.03ms] ".env"
bun install v1.2.19 (aad3abea)

Checked 69 installs across 70 packages (no changes) [3.00ms]
No prisma/schema.prisma found. Studio requires a Prisma schema.
+ exec gosu vibecode scripts/studio
Starting in development mode...
Installing dependencies...
[0.03ms] ".env"
bun install v1.2.19 (aad3abea)

Checked 69 installs across 70 packages (no changes) [3.00ms]
No prisma/schema.prisma found. Studio requires a Prisma schema.
+ exec gosu vibecode scripts/studio
Starting in development mode...
Installing dependencies...
[0.03ms] ".env"
bun install v1.2.19 (aad3abea)

Done! Checked 120 packages (no changes) [4.00ms]
Starting Cloud Studio...
Cloud Studio starting on http://0.0.0.0:3001
Cloud Studio is running at http://0.0.0.0:3001
Prisma Client not available: @prisma/client did not initialize yet. Please run "prisma generate" and try to import it again.
The UI will display setup instructions.
+ exec gosu vibecode scripts/studio
Starting in development mode...
Installing dependencies...
[0.03ms] ".env"
bun install v1.2.19 (aad3abea)

Done! Checked 120 packages (no changes) [5.00ms]
Starting Cloud Studio...
Cloud Studio starting on http://0.0.0.0:3001
Cloud Studio is running at http://0.0.0.0:3001
Prisma Client connected
+ exec gosu vibecode scripts/studio
Starting in development mode...
Installing dependencies...
[0.03ms] ".env"
bun install v1.2.19 (aad3abea)

Done! Checked 120 packages (no changes) [4.00ms]
Starting Cloud Studio...
Cloud Studio starting on http://0.0.0.0:3001
Cloud Studio is running at http://0.0.0.0:3001
Prisma Client connected
+ exec gosu vibecode scripts/studio
Starting in development mode...
Installing dependencies...
[0.03ms] ".env"
bun install v1.2.19 (aad3abea)

Done! Checked 120 packages (no changes) [5.00ms]
Starting Cloud Studio...
Cloud Studio starting on http://0.0.0.0:3001
Cloud Studio is running at http://0.0.0.0:3001
Prisma Client connected
+ exec gosu vibecode scripts/studio
Starting in development mode...
Installing dependencies...
[0.10ms] ".env"
bun install v1.2.19 (aad3abea)

Done! Checked 120 packages (no changes) [5.00ms]
Starting Cloud Studio...
Cloud Studio starting on http://0.0.0.0:3001
Cloud Studio is running at http://0.0.0.0:3001
Prisma Client connected
+ exec gosu vibecode scripts/studio
Starting in development mode...
Installing dependencies...
[0.03ms] ".env"
bun install v1.2.19 (aad3abea)

Done! Checked 120 packages (no changes) [5.00ms]
Starting Cloud Studio...
Cloud Studio starting on http://0.0.0.0:3001
Cloud Studio is running at http://0.0.0.0:3001
Prisma Client connected
+ exec gosu vibecode scripts/studio
Starting in development mode...
Installing dependencies...
[0.05ms] ".env"
bun install v1.2.19 (aad3abea)

Done! Checked 120 packages (no changes) [5.00ms]
Starting Cloud Studio...
Cloud Studio starting on http://0.0.0.0:3001
Cloud Studio is running at http://0.0.0.0:3001
Prisma Client connected
+ exec gosu vibecode scripts/studio
Starting in development mode...
Installing dependencies...
[0.03ms] ".env"
bun install v1.2.19 (aad3abea)

Done! Checked 120 packages (no changes) [5.00ms]
Starting Cloud Studio...
Cloud Studio starting on http://0.0.0.0:3001
Cloud Studio is running at http://0.0.0.0:3001
Prisma Client connected
+ exec gosu vibecode scripts/studio
Starting in development mode...
Installing dependencies...
[0.04ms] ".env"
bun install v1.2.19 (aad3abea)

Done! Checked 120 packages (no changes) [5.00ms]
Starting Cloud Studio...
Cloud Studio starting on http://0.0.0.0:3001
Cloud Studio is running at http://0.0.0.0:3001
Prisma Client connected
+ exec gosu vibecode scripts/studio
Starting in development mode...
Installing dependencies...
[0.03ms] ".env"
bun install v1.2.19 (aad3abea)

Done! Checked 120 packages (no changes) [5.00ms]
Starting Cloud Studio...
Cloud Studio starting on http://0.0.0.0:3001
Cloud Studio is running at http://0.0.0.0:3001
Prisma Client connected
+ exec gosu vibecode scripts/studio
Starting in development mode...
Installing dependencies...
[0.03ms] ".env"
bun install v1.2.19 (aad3abea)

Done! Checked 120 packages (no changes) [5.00ms]
Starting Cloud Studio...
Cloud Studio starting on http://0.0.0.0:3001
Cloud Studio is running at http://0.0.0.0:3001
Prisma Client connected
+ exec gosu vibecode scripts/studio
Starting in development mode...
Installing dependencies...
[0.03ms] ".env"
bun install v1.2.19 (aad3abea)

Done! Checked 120 packages (no changes) [5.00ms]
Starting Cloud Studio...
Cloud Studio starting on http://0.0.0.0:3001
Cloud Studio is running at http://0.0.0.0:3001
Prisma Client connected
+ exec gosu vibecode scripts/studio
Starting in development mode...
Installing dependencies...
[0.04ms] ".env"
bun install v1.2.19 (aad3abea)

Done! Checked 120 packages (no changes) [5.00ms]
Starting Cloud Studio...
Cloud Studio starting on http://0.0.0.0:3001
Cloud Studio is running at http://0.0.0.0:3001
Prisma Client connected
+ exec gosu vibecode scripts/studio
Starting in development mode...
Installing dependencies...
[0.03ms] ".env"
bun install v1.2.19 (aad3abea)

Done! Checked 120 packages (no changes) [5.00ms]
Starting Cloud Studio...
Cloud Studio starting on http://0.0.0.0:3001
Cloud Studio is running at http://0.0.0.0:3001
Prisma Client connected
+ exec gosu vibecode scripts/studio
Starting in development mode...
Installing dependencies...
[0.03ms] ".env"
bun install v1.2.19 (aad3abea)

Done! Checked 120 packages (no changes) [5.00ms]
Starting Cloud Studio...
Cloud Studio starting on http://0.0.0.0:3001
Cloud Studio is running at http://0.0.0.0:3001
Prisma Client connected
+ exec gosu vibecode scripts/studio
Starting in development mode...
Installing dependencies...
[0.03ms] ".env"
bun install v1.2.19 (aad3abea)

Done! Checked 120 packages (no changes) [5.00ms]
Starting Cloud Studio...
Cloud Studio starting on http://0.0.0.0:3001
Cloud Studio is running at http://0.0.0.0:3001
Prisma Client connected
+ exec gosu vibecode scripts/studio
Starting in development mode...
Installing dependencies...
[0.05ms] ".env"
bun install v1.2.19 (aad3abea)

Done! Checked 120 packages (no changes) [5.00ms]
Starting Cloud Studio...
Cloud Studio starting on http://0.0.0.0:3001
Cloud Studio is running at http://0.0.0.0:3001
Prisma Client connected
+ exec gosu vibecode scripts/studio
Starting in development mode...
Installing dependencies...
[0.04ms] ".env"
bun install v1.2.19 (aad3abea)

Done! Checked 123 packages (no changes) [5.00ms]
Starting Cloud Studio...
Cloud Studio starting on http://0.0.0.0:3001
Cloud Studio is running at http://0.0.0.0:3001
Prisma Client connected
+ exec gosu vibecode scripts/studio
Starting in development mode...
Installing dependencies...
[0.03ms] ".env"
bun install v1.2.19 (aad3abea)

Done! Checked 123 packages (no changes) [5.00ms]
Starting Cloud Studio...
Cloud Studio starting on http://0.0.0.0:3001
Cloud Studio is running at http://0.0.0.0:3001
Prisma Client connected
+ exec gosu vibecode scripts/studio
Starting in development mode...
Installing dependencies...
[0.04ms] ".env"
bun install v1.2.19 (aad3abea)

Done! Checked 123 packages (no changes) [5.00ms]
Starting Cloud Studio...
Cloud Studio starting on http://0.0.0.0:3001
Cloud Studio is running at http://0.0.0.0:3001
Prisma Client connected
+ exec gosu vibecode scripts/studio
Starting in development mode...
Installing dependencies...
[0.05ms] ".env"
bun install v1.2.19 (aad3abea)

Done! Checked 123 packages (no changes) [5.00ms]
Starting Cloud Studio...
Cloud Studio starting on http://0.0.0.0:3001
Cloud Studio is running at http://0.0.0.0:3001
Prisma Client connected
+ exec gosu vibecode scripts/studio
Starting in development mode...
Installing dependencies...
[0.05ms] ".env"
bun install v1.2.19 (aad3abea)

Done! Checked 123 packages (no changes) [6.00ms]
Starting Cloud Studio...
Cloud Studio starting on http://0.0.0.0:3001
Cloud Studio is running at http://0.0.0.0:3001
Prisma Client connected
+ exec gosu vibecode scripts/studio
Starting in development mode...
Installing dependencies...
[0.04ms] ".env"
bun install v1.2.19 (aad3abea)

Done! Checked 123 packages (no changes) [5.00ms]
Starting Cloud Studio...
Cloud Studio starting on http://0.0.0.0:3001
Cloud Studio is running at http://0.0.0.0:3001
Prisma Client connected
+ exec gosu vibecode scripts/studio
Starting in development mode...
Installing dependencies...
[0.03ms] ".env"
bun install v1.2.19 (aad3abea)

Done! Checked 123 packages (no changes) [5.00ms]
Starting Cloud Studio...
Cloud Studio starting on http://0.0.0.0:3001
Cloud Studio is running at http://0.0.0.0:3001
Prisma Client connected
+ exec gosu vibecode scripts/studio
Starting in development mode...
Installing dependencies...
[0.03ms] ".env"
bun install v1.2.19 (aad3abea)

Done! Checked 123 packages (no changes) [5.00ms]
Starting Cloud Studio...
Cloud Studio starting on http://0.0.0.0:3001
Cloud Studio is running at http://0.0.0.0:3001
Prisma Client connected
+ exec gosu vibecode scripts/studio
Starting in development mode...
Installing dependencies...
[0.03ms] ".env"
bun install v1.2.19 (aad3abea)

Done! Checked 129 packages (no changes) [6.00ms]
Starting Cloud Studio...
Cloud Studio starting on http://0.0.0.0:3001
Cloud Studio is running at http://0.0.0.0:3001
Prisma Client connected
+ exec gosu vibecode scripts/studio
Starting in development mode...
Installing dependencies...
[0.08ms] ".env"
bun install v1.2.19 (aad3abea)

Done! Checked 129 packages (no changes) [6.00ms]
Starting Cloud Studio...
Cloud Studio starting on http://0.0.0.0:3001
Cloud Studio is running at http://0.0.0.0:3001
Prisma Client connected
+ exec gosu vibecode scripts/studio
Starting in development mode...
Installing dependencies...
[0.04ms] ".env"
bun install v1.2.19 (aad3abea)

Done! Checked 129 packages (no changes) [6.00ms]
Starting Cloud Studio...
Cloud Studio starting on http://0.0.0.0:3001
Cloud Studio is running at http://0.0.0.0:3001
Prisma Client connected
+ exec gosu vibecode scripts/studio
Starting in development mode...
Installing dependencies...
[0.04ms] ".env"
bun install v1.2.19 (aad3abea)

Done! Checked 129 packages (no changes) [6.00ms]
Starting Cloud Studio...
Cloud Studio starting on http://0.0.0.0:3001
Cloud Studio is running at http://0.0.0.0:3001
Prisma Client connected
+ exec gosu vibecode scripts/studio
Starting in development mode...
Installing dependencies...
[0.06ms] ".env"
bun install v1.2.19 (aad3abea)

Done! Checked 129 packages (no changes) [6.00ms]
Starting Cloud Studio...
Cloud Studio starting on http://0.0.0.0:3001
Cloud Studio is running at http://0.0.0.0:3001
Prisma Client connected
+ exec gosu vibecode scripts/studio
Starting in development mode...
Installing dependencies...
[0.04ms] ".env"
bun install v1.2.19 (aad3abea)

Done! Checked 129 packages (no changes) [6.00ms]
Starting Cloud Studio...
Cloud Studio starting on http://0.0.0.0:3001
Cloud Studio is running at http://0.0.0.0:3001
Prisma Client connected
+ exec gosu vibecode scripts/studio
Starting in development mode...
Installing dependencies...
[0.05ms] ".env"
bun install v1.2.19 (aad3abea)

Done! Checked 129 packages (no changes) [6.00ms]
Starting Cloud Studio...
Cloud Studio starting on http://0.0.0.0:3001
Cloud Studio is running at http://0.0.0.0:3001
Prisma Client connected
+ exec gosu vibecode scripts/studio
Starting in development mode...
Installing dependencies...
[0.05ms] ".env"
bun install v1.2.19 (aad3abea)

Done! Checked 129 packages (no changes) [23.00ms]
Starting Cloud Studio...
Cloud Studio starting on http://0.0.0.0:3001
Cloud Studio is running at http://0.0.0.0:3001
Prisma Client connected
+ exec gosu vibecode scripts/studio
Starting in development mode...
Installing dependencies...
[0.06ms] ".env"
bun install v1.2.19 (aad3abea)

Done! Checked 129 packages (no changes) [6.00ms]
Starting Cloud Studio...
Cloud Studio starting on http://0.0.0.0:3001
Cloud Studio is running at http://0.0.0.0:3001
Prisma Client connected
+ exec gosu vibecode scripts/studio
Starting in development mode...
Installing dependencies...
[0.05ms] ".env"
bun install v1.2.19 (aad3abea)

Done! Checked 129 packages (no changes) [6.00ms]
Starting Cloud Studio...
Cloud Studio starting on http://0.0.0.0:3001
Cloud Studio is running at http://0.0.0.0:3001
Prisma Client connected
+ exec gosu vibecode scripts/studio
Starting in development mode...
Installing dependencies...
[0.04ms] ".env"
bun install v1.2.19 (aad3abea)

+ @types/bcryptjs@3.0.0
+ @types/bun@1.2.23
+ prisma@6.19.2
+ typescript@5.8.3
+ @hono/node-server@1.12.0
+ @hono/zod-validator@0.7.6
+ @prisma/client@6.19.1
+ @vibecodeapp/backend-sdk@1.0.1
+ @vibecodeapp/cloud-studio@0.2.3
+ @vibecodeapp/proxy@2.0.3
+ bcrypt@6.0.0
+ bcryptjs@3.0.3
+ better-auth@1.4.13
+ hono@4.6.0
+ resend@6.7.0
+ zod@4.1.11

128 packages installed [5.55s]
Starting Cloud Studio...
Cloud Studio starting on http://0.0.0.0:3001
Cloud Studio is running at http://0.0.0.0:3001
Prisma Client connected
+ exec gosu vibecode scripts/studio
Starting in development mode...
Installing dependencies...
[0.04ms] ".env"
bun install v1.2.19 (aad3abea)

Done! Checked 129 packages (no changes) [6.00ms]
Starting Cloud Studio...
Cloud Studio starting on http://0.0.0.0:3001
Cloud Studio is running at http://0.0.0.0:3001
Prisma Client connected
